--------- beginning of main
11-03 10:15:40.750 32704 32704 I TRACKERAUDIT: Service starting...
11-03 10:15:43.747 32704 32704 I TRACKERAUDIT: Device location changed (1604409343147) || data: {"accuracy":12.093,"altitude":883.0999755859375,"latitude":-19.9348264,"longitude":-43.9984234,"parked":false,"provider":"network","time":1604409343147}
11-03 10:15:43.750 32704 32704 I TRACKERAUDIT: 0performLocComp triggered.
11-03 10:15:43.915 32704 32704 I TRACKERAUDIT: 0performLocComp: agentLocationModel || data: {"accuracy":5.36,"altitude":881.0,"id":"000001758B06F695-00000157-7150B69E","latitude":-19.93484234,"longitude":-43.99841107,"parked":false,"provider":"GPS","speed":0.0,"time":"Nov 2, 2020 7:14:51 PM"}
11-03 10:15:43.920 32704 32704 I TRACKERAUDIT: 0performLocComp: deviceLocation || data: {"accuracy":12.093,"altitude":883.0999755859375,"latitude":-19.9348264,"longitude":-43.9984234,"parked":false,"provider":"network","time":1604409343147}
11-03 10:15:44.056 32704 32704 I TRACKERAUDIT: 0performLocComp: computed data || data: {"compensatedDistance":-79.906654,"deviceAvgSpeed":0.0,"distance":2.186344,"estimatedDistanceCompensation":0.0,"lagInSeconds":54052.15}
11-03 10:15:44.057 32704 32704 I TRACKERAUDIT: 0performLocComp: incidenceReportTimerCanceled
11-03 10:15:44.716 32704 32704 I TRACKERAUDIT: Package received || data: {"id":"000001758E3D6CFB-00000002-278424C4","location":{"accuracy":12.999,"altitude":883.0999755859375,"latitude":-19.934831,"longitude":-43.998427,"originTime":1604409184807,"parked":true,"provider":"network","speed":0.0,"time":1604409191668}}
11-03 10:15:44.722 32704 32704 I TRACKERAUDIT: NEW LOCATION STORED: lastLocation is older than provided one AND SharedLogic.useNewLocation is true, storing the new location. || data: {"accuracy":12.999,"altitude":883.0999755859375,"id":"000001758E3D6CFB-00000002-278424C4","latitude":-19.934831,"longitude":-43.998427,"parked":true,"provider":"NETWORK","speed":0.0,"time":"Nov 3, 2020 10:13:11 AM"}
11-03 10:15:44.758 32704 32704 I TRACKERAUDIT: 1performLocComp triggered.
11-03 10:15:44.763 32704 32704 I TRACKERAUDIT: 1performLocComp: agentLocationModel || data: {"accuracy":12.999,"altitude":883.0999755859375,"id":"000001758E3D6CFB-00000002-278424C4","latitude":-19.934831,"longitude":-43.998427,"parked":true,"provider":"NETWORK","speed":0.0,"time":"Nov 3, 2020 10:13:11 AM"}
11-03 10:15:44.767 32704 32704 I TRACKERAUDIT: 1performLocComp: deviceLocation || data: {"accuracy":12.093,"altitude":883.0999755859375,"latitude":-19.9348264,"longitude":-43.9984234,"parked":false,"provider":"network","time":1604409343147}
11-03 10:15:44.785 32704 32704 I TRACKERAUDIT: 1performLocComp: computed data || data: {"compensatedDistance":-82.36546,"deviceAvgSpeed":0.0,"distance":0.6335322,"estimatedDistanceCompensation":0.0,"lagInSeconds":151.479}
11-03 10:15:44.786 32704 32704 I TRACKERAUDIT: 1performLocComp: incidenceReportTimerCanceled
11-03 10:15:45.059 32704 32704 I TRACKERAUDIT: Package received || data: {"id":"000001758B072577-00000159-EA3248B4","location":{"accuracy":12.853,"altitude":883.5,"latitude":-19.9348568,"longitude":-43.9984468,"parked":false,"provider":"stored:network","time":1604355302637}}
11-03 10:15:45.065 32704 32704 I TRACKERAUDIT: NEW LOCATION REJECTED: lastLocation is newer than provided one or SharedLogic.useNewLocation is false, rejecting the new location. || data: {"accuracy":12.853,"altitude":883.5,"id":"000001758B072577-00000159-EA3248B4","latitude":-19.9348568,"longitude":-43.9984468,"parked":false,"provider":"STORED_NETWORK","time":"Nov 2, 2020 7:15:02 PM"}
11-03 10:15:45.469 32704 32704 I TRACKERAUDIT: Package received || data: {"id":"000001758E3D57B3-00000001-2CEA9EB6","location":{"accuracy":12.999,"altitude":883.0999755859375,"latitude":-19.934831,"longitude":-43.998427,"parked":false,"provider":"network","time":1604409184807}}
11-03 10:15:45.474 32704 32704 I TRACKERAUDIT: NEW LOCATION REJECTED: lastLocation is newer than provided one or SharedLogic.useNewLocation is false, rejecting the new location. || data: {"accuracy":12.999,"altitude":883.0999755859375,"id":"000001758E3D57B3-00000001-2CEA9EB6","latitude":-19.934831,"longitude":-43.998427,"parked":false,"provider":"NETWORK","time":"Nov 3, 2020 10:13:04 AM"}
11-03 10:15:45.836 32704 32704 I TRACKERAUDIT: Package received || data: {"id":"000001758E3D4F0E-00000000-9CB9071A","location":{"accuracy":41.808002,"altitude":883.0,"bearing":343.1,"latitude":-19.93465674,"longitude":-43.9985391,"parked":false,"provider":"gps","speed":0.49,"time":1604408845696}}
11-03 10:15:45.843 32704 32704 I TRACKERAUDIT: NEW LOCATION REJECTED: lastLocation is newer than provided one or SharedLogic.useNewLocation is false, rejecting the new location. || data: {"accuracy":41.808002,"altitude":883.0,"bearing":343.1,"id":"000001758E3D4F0E-00000000-9CB9071A","latitude":-19.93465674,"longitude":-43.9985391,"parked":false,"provider":"GPS","speed":0.49,"time":"Nov 3, 2020 10:07:25 AM"}
11-03 10:15:46.298 32704 32704 I TRACKERAUDIT: Package received || data: {"id":"000001758B070BDA-00000158-EB6D186B","location":{"accuracy":5.36,"altitude":881.0,"latitude":-19.93484234,"longitude":-43.99841107,"originSpeed":0.0,"originTime":1604355291000,"parked":true,"provider":"gps","speed":0.0,"time":1604355296218}}
11-03 10:15:46.304 32704 32704 I TRACKERAUDIT: NEW LOCATION REJECTED: lastLocation is newer than provided one or SharedLogic.useNewLocation is false, rejecting the new location. || data: {"accuracy":5.36,"altitude":881.0,"id":"000001758B070BDA-00000158-EB6D186B","latitude":-19.93484234,"longitude":-43.99841107,"parked":true,"provider":"GPS","speed":0.0,"time":"Nov 2, 2020 7:14:56 PM"}
