--------- beginning of main
11-03 13:19:22.927 11876 11876 I TRACKERAUDIT: Device location changed (1604420364000) || data: {"accuracy":8.576,"altitude":912.5950927734375,"latitude":-19.928788,"longitude":-43.94671528,"parked":false,"provider":"gps","speed":0.0,"time":1604420364000}
11-03 13:19:22.929 11876 11876 I TRACKERAUDIT: 0performLocComp triggered.
11-03 13:19:22.989 11876 11876 I TRACKERAUDIT: 0performLocComp: agentLocationModel || data: {"accuracy":12.374,"altitude":898.5,"id":"000001758E63111B-000001D9-4B618870","latitude":-19.9298161,"longitude":-43.9474052,"parked":true,"provider":"STORED_NETWORK","speed":0.0,"time":"Nov 3, 2020 10:54:18 AM"}
11-03 13:19:22.990 11876 11876 I TRACKERAUDIT: 0performLocComp: deviceLocation || data: {"accuracy":8.576,"altitude":912.5950927734375,"latitude":-19.928788,"longitude":-43.94671528,"parked":false,"provider":"gps","speed":0.0,"time":1604420364000}
11-03 13:19:23.023 11876 11876 I TRACKERAUDIT: 0performLocComp: computed data || data: {"compensatedDistance":52.425407,"deviceAvgSpeed":0.0,"distance":134.79941,"estimatedDistanceCompensation":0.0,"lagInSeconds":8706.0}
11-03 13:19:23.023 11876 11876 I TRACKERAUDIT: 0performLocComp: incidenceReportTimerCanceled
11-03 13:19:23.877 11876 11876 I TRACKERAUDIT: Device location changed (1604420365000) || data: {"accuracy":8.576,"altitude":912.68505859375,"latitude":-19.92902491,"longitude":-43.9466979,"parked":false,"provider":"gps","speed":0.0,"time":1604420365000}
11-03 13:19:23.877 11876 11876 I TRACKERAUDIT: 1performLocComp triggered.
11-03 13:19:23.878 11876 11876 I TRACKERAUDIT: 1performLocComp: agentLocationModel || data: {"accuracy":12.374,"altitude":898.5,"id":"000001758E63111B-000001D9-4B618870","latitude":-19.9298161,"longitude":-43.9474052,"parked":true,"provider":"STORED_NETWORK","speed":0.0,"time":"Nov 3, 2020 10:54:18 AM"}
11-03 13:19:23.878 11876 11876 I TRACKERAUDIT: 1performLocComp: deviceLocation || data: {"accuracy":8.576,"altitude":912.68505859375,"latitude":-19.92902491,"longitude":-43.9466979,"parked":false,"provider":"gps","speed":0.0,"time":1604420365000}
11-03 13:19:23.882 11876 11876 I TRACKERAUDIT: 1performLocComp: computed data || data: {"compensatedDistance":32.32096,"deviceAvgSpeed":0.0,"distance":114.69496,"estimatedDistanceCompensation":0.0,"lagInSeconds":8707.0}
11-03 13:19:23.882 11876 11876 I TRACKERAUDIT: 1performLocComp: incidenceReportTimerCanceled
11-03 13:19:24.570 11876 11876 I TRACKERAUDIT: Device location changed (1604420364482) || data: {"accuracy":13.501,"altitude":888.7999877929688,"latitude":-19.9285356,"longitude":-43.9470424,"parked":false,"provider":"network","time":1604420364482}
11-03 13:19:24.571 11876 11876 I TRACKERAUDIT: 2performLocComp triggered.
11-03 13:19:24.571 11876 11876 I TRACKERAUDIT: 2performLocComp: agentLocationModel || data: {"accuracy":12.374,"altitude":898.5,"id":"000001758E63111B-000001D9-4B618870","latitude":-19.9298161,"longitude":-43.9474052,"parked":true,"provider":"STORED_NETWORK","speed":0.0,"time":"Nov 3, 2020 10:54:18 AM"}
11-03 13:19:24.572 11876 11876 I TRACKERAUDIT: 2performLocComp: deviceLocation || data: {"accuracy":13.501,"altitude":888.7999877929688,"latitude":-19.9285356,"longitude":-43.9470424,"parked":false,"provider":"network","time":1604420364482}
11-03 13:19:24.576 11876 11876 I TRACKERAUDIT: 2performLocComp: computed data || data: {"compensatedDistance":63.255203,"deviceAvgSpeed":0.0,"distance":146.75621,"estimatedDistanceCompensation":0.0,"lagInSeconds":8706.482}
11-03 13:19:24.576 11876 11876 I TRACKERAUDIT: 2performLocComp: incidenceReportTimerCanceled
11-03 13:19:24.888 11876 11876 I TRACKERAUDIT: Device location changed (1604420366000) || data: {"accuracy":5.36,"altitude":917.447998046875,"bearing":284.4,"latitude":-19.92883548,"longitude":-43.94681286,"parked":false,"provider":"gps","speed":1.16,"time":1604420366000}
11-03 13:19:24.888 11876 11876 I TRACKERAUDIT: 3performLocComp triggered.
11-03 13:19:24.889 11876 11876 I TRACKERAUDIT: 3performLocComp: agentLocationModel || data: {"accuracy":12.374,"altitude":898.5,"id":"000001758E63111B-000001D9-4B618870","latitude":-19.9298161,"longitude":-43.9474052,"parked":true,"provider":"STORED_NETWORK","speed":0.0,"time":"Nov 3, 2020 10:54:18 AM"}
11-03 13:19:24.890 11876 11876 I TRACKERAUDIT: 3performLocComp: deviceLocation || data: {"accuracy":5.36,"altitude":917.447998046875,"bearing":284.4,"latitude":-19.92883548,"longitude":-43.94681286,"parked":false,"provider":"gps","speed":1.16,"time":1604420366000}
11-03 13:19:24.894 11876 11876 I TRACKERAUDIT: 3performLocComp: computed data || data: {"compensatedDistance":42.648415,"deviceAvgSpeed":0.0,"distance":125.022415,"estimatedDistanceCompensation":0.0,"lagInSeconds":8708.0}
11-03 13:19:24.894 11876 11876 I TRACKERAUDIT: 3performLocComp: incidenceReportTimerCanceled
11-03 13:19:25.893 11876 11876 I TRACKERAUDIT: Device location changed (1604420367000) || data: {"accuracy":10.72,"altitude":914.45458984375,"bearing":260.2,"latitude":-19.92886998,"longitude":-43.94681048,"parked":false,"provider":"gps","speed":0.97,"time":1604420367000}
11-03 13:19:25.893 11876 11876 I TRACKERAUDIT: 4performLocComp triggered.
11-03 13:19:25.896 11876 11876 I TRACKERAUDIT: 4performLocComp: agentLocationModel || data: {"accuracy":12.374,"altitude":898.5,"id":"000001758E63111B-000001D9-4B618870","latitude":-19.9298161,"longitude":-43.9474052,"parked":true,"provider":"STORED_NETWORK","speed":0.0,"time":"Nov 3, 2020 10:54:18 AM"}
11-03 13:19:25.899 11876 11876 I TRACKERAUDIT: 4performLocComp: deviceLocation || data: {"accuracy":10.72,"altitude":914.45458984375,"bearing":260.2,"latitude":-19.92886998,"longitude":-43.94681048,"parked":false,"provider":"gps","speed":0.97,"time":1604420367000}
11-03 13:19:25.906 11876 11876 I TRACKERAUDIT: 4performLocComp: computed data || data: {"compensatedDistance":39.47399,"deviceAvgSpeed":0.29,"distance":121.84799,"estimatedDistanceCompensation":0.0,"lagInSeconds":8709.0}
11-03 13:19:25.907 11876 11876 I TRACKERAUDIT: 4performLocComp: incidenceReportTimerCanceled
11-03 13:19:26.898 11876 11876 I TRACKERAUDIT: Device location changed (1604420368000) || data: {"accuracy":8.576,"altitude":912.52978515625,"bearing":253.8,"latitude":-19.92892769,"longitude":-43.94676362,"parked":false,"provider":"gps","speed":0.86,"time":1604420368000}
11-03 13:19:26.898 11876 11876 I TRACKERAUDIT: 5performLocComp triggered.
11-03 13:19:26.901 11876 11876 I TRACKERAUDIT: 5performLocComp: agentLocationModel || data: {"accuracy":12.374,"altitude":898.5,"id":"000001758E63111B-000001D9-4B618870","latitude":-19.9298161,"longitude":-43.9474052,"parked":true,"provider":"STORED_NETWORK","speed":0.0,"time":"Nov 3, 2020 10:54:18 AM"}
11-03 13:19:26.903 11876 11876 I TRACKERAUDIT: 5performLocComp: deviceLocation || data: {"accuracy":8.576,"altitude":912.52978515625,"bearing":253.8,"latitude":-19.92892769,"longitude":-43.94676362,"parked":false,"provider":"gps","speed":0.86,"time":1604420368000}
11-03 13:19:26.911 11876 11876 I TRACKERAUDIT: 5performLocComp: computed data || data: {"compensatedDistance":36.724487,"deviceAvgSpeed":0.42600003,"distance":119.09849,"estimatedDistanceCompensation":0.0,"lagInSeconds":8710.0}
11-03 13:19:26.912 11876 11876 I TRACKERAUDIT: 5performLocComp: incidenceReportTimerCanceled
11-03 13:19:27.875 11876 11876 I TRACKERAUDIT: Device location changed (1604420369000) || data: {"accuracy":10.72,"altitude":906.4332275390625,"bearing":166.9,"latitude":-19.92900007,"longitude":-43.94677858,"parked":false,"provider":"gps","speed":0.28,"time":1604420369000}
11-03 13:19:27.875 11876 11876 I TRACKERAUDIT: 6performLocComp triggered.
11-03 13:19:27.876 11876 11876 I TRACKERAUDIT: 6performLocComp: agentLocationModel || data: {"accuracy":12.374,"altitude":898.5,"id":"000001758E63111B-000001D9-4B618870","latitude":-19.9298161,"longitude":-43.9474052,"parked":true,"provider":"STORED_NETWORK","speed":0.0,"time":"Nov 3, 2020 10:54:18 AM"}
11-03 13:19:27.877 11876 11876 I TRACKERAUDIT: 6performLocComp: deviceLocation || data: {"accuracy":10.72,"altitude":906.4332275390625,"bearing":166.9,"latitude":-19.92900007,"longitude":-43.94677858,"parked":false,"provider":"gps","speed":0.28,"time":1604420369000}
11-03 13:19:27.881 11876 11876 I TRACKERAUDIT: 6performLocComp: computed data || data: {"compensatedDistance":29.270973,"deviceAvgSpeed":0.49833336,"distance":111.64497,"estimatedDistanceCompensation":0.0,"lagInSeconds":8711.0}
11-03 13:19:27.881 11876 11876 I TRACKERAUDIT: 6performLocComp: incidenceReportTimerCanceled
11-03 13:19:28.898 11876 11876 I TRACKERAUDIT: Device location changed (1604420370000) || data: {"accuracy":11.792,"altitude":902.0126953125,"latitude":-19.92904737,"longitude":-43.94680048,"parked":false,"provider":"gps","speed":0.0,"time":1604420370000}
11-03 13:19:28.898 11876 11876 I TRACKERAUDIT: 7performLocComp triggered.
11-03 13:19:28.902 11876 11876 I TRACKERAUDIT: 7performLocComp: agentLocationModel || data: {"accuracy":12.374,"altitude":898.5,"id":"000001758E63111B-000001D9-4B618870","latitude":-19.9298161,"longitude":-43.9474052,"parked":true,"provider":"STORED_NETWORK","speed":0.0,"time":"Nov 3, 2020 10:54:18 AM"}
11-03 13:19:28.904 11876 11876 I TRACKERAUDIT: 7performLocComp: deviceLocation || data: {"accuracy":11.792,"altitude":902.0126953125,"latitude":-19.92904737,"longitude":-43.94680048,"parked":false,"provider":"gps","speed":0.0,"time":1604420370000}
11-03 13:19:28.911 11876 11876 I TRACKERAUDIT: 7performLocComp: computed data || data: {"compensatedDistance":23.693832,"deviceAvgSpeed":0.46714288,"distance":106.06783,"estimatedDistanceCompensation":0.0,"lagInSeconds":8712.0}
11-03 13:19:28.912 11876 11876 I TRACKERAUDIT: 7performLocComp: incidenceReportTimerCanceled
11-03 13:19:29.874 11876 11876 I TRACKERAUDIT: Device location changed (1604420371000) || data: {"accuracy":12.864,"altitude":905.5491943359375,"latitude":-19.92899989,"longitude":-43.94680984,"parked":false,"provider":"gps","speed":0.0,"time":1604420371000}
11-03 13:19:29.874 11876 11876 I TRACKERAUDIT: 8performLocComp triggered.
11-03 13:19:29.875 11876 11876 I TRACKERAUDIT: 8performLocComp: agentLocationModel || data: {"accuracy":12.374,"altitude":898.5,"id":"000001758E63111B-000001D9-4B618870","latitude":-19.9298161,"longitude":-43.9474052,"parked":true,"provider":"STORED_NETWORK","speed":0.0,"time":"Nov 3, 2020 10:54:18 AM"}
11-03 13:19:29.875 11876 11876 I TRACKERAUDIT: 8performLocComp: deviceLocation || data: {"accuracy":12.864,"altitude":905.5491943359375,"latitude":-19.92899989,"longitude":-43.94680984,"parked":false,"provider":"gps","speed":0.0,"time":1604420371000}
11-03 13:19:29.878 11876 11876 I TRACKERAUDIT: 8performLocComp: computed data || data: {"compensatedDistance":26.906258,"deviceAvgSpeed":0.40875003,"distance":109.770256,"estimatedDistanceCompensation":0.0,"lagInSeconds":8713.0}
11-03 13:19:29.878 11876 11876 I TRACKERAUDIT: 8performLocComp: incidenceReportTimerCanceled
11-03 13:19:30.916 11876 11876 I TRACKERAUDIT: Device location changed (1604420372000) || data: {"accuracy":10.72,"altitude":900.608154296875,"latitude":-19.92900874,"longitude":-43.94679583,"parked":false,"provider":"gps","speed":0.0,"time":1604420372000}
11-03 13:19:30.916 11876 11876 I TRACKERAUDIT: 9performLocComp triggered.
11-03 13:19:30.917 11876 11876 I TRACKERAUDIT: 9performLocComp: agentLocationModel || data: {"accuracy":12.374,"altitude":898.5,"id":"000001758E63111B-000001D9-4B618870","latitude":-19.9298161,"longitude":-43.9474052,"parked":true,"provider":"STORED_NETWORK","speed":0.0,"time":"Nov 3, 2020 10:54:18 AM"}
11-03 13:19:30.918 11876 11876 I TRACKERAUDIT: 9performLocComp: deviceLocation || data: {"accuracy":10.72,"altitude":900.608154296875,"latitude":-19.92900874,"longitude":-43.94679583,"parked":false,"provider":"gps","speed":0.0,"time":1604420372000}
11-03 13:19:30.922 11876 11876 I TRACKERAUDIT: 9performLocComp: computed data || data: {"compensatedDistance":27.436821,"deviceAvgSpeed":0.36333334,"distance":109.81082,"estimatedDistanceCompensation":0.0,"lagInSeconds":8714.0}
11-03 13:19:30.923 11876 11876 I TRACKERAUDIT: 9performLocComp: incidenceReportTimerCanceled
11-03 13:20:10.723 11876 11876 I TRACKERAUDIT: Device location changed (1604420410334) || data: {"accuracy":22.489,"altitude":888.7999877929688,"latitude":-19.9286527,"longitude":-43.9469491,"parked":false,"provider":"network","time":1604420410334}
11-03 13:20:10.723 11876 11876 I TRACKERAUDIT: 10performLocComp triggered.
11-03 13:20:10.724 11876 11876 I TRACKERAUDIT: 10performLocComp: agentLocationModel || data: {"accuracy":12.374,"altitude":898.5,"id":"000001758E63111B-000001D9-4B618870","latitude":-19.9298161,"longitude":-43.9474052,"parked":true,"provider":"STORED_NETWORK","speed":0.0,"time":"Nov 3, 2020 10:54:18 AM"}
11-03 13:20:10.724 11876 11876 I TRACKERAUDIT: 10performLocComp: deviceLocation || data: {"accuracy":22.489,"altitude":888.7999877929688,"latitude":-19.9286527,"longitude":-43.9469491,"parked":false,"provider":"network","time":1604420410334}
11-03 13:20:10.728 11876 11876 I TRACKERAUDIT: 10performLocComp: computed data || data: {"compensatedDistance":44.870422,"deviceAvgSpeed":0.32700002,"distance":137.35942,"estimatedDistanceCompensation":0.0,"lagInSeconds":8752.334}
11-03 13:20:10.729 11876 11876 I TRACKERAUDIT: 10performLocComp: incidenceReportTimerCanceled
11-03 13:20:11.898 11876 11876 I TRACKERAUDIT: Device location changed (1604420413000) || data: {"accuracy":17.152,"altitude":901.39990234375,"latitude":-19.92898864,"longitude":-43.94689606,"parked":false,"provider":"gps","speed":0.0,"time":1604420413000}
11-03 13:20:11.898 11876 11876 I TRACKERAUDIT: 11performLocComp triggered.
11-03 13:20:11.899 11876 11876 I TRACKERAUDIT: 11performLocComp: agentLocationModel || data: {"accuracy":12.374,"altitude":898.5,"id":"000001758E63111B-000001D9-4B618870","latitude":-19.9298161,"longitude":-43.9474052,"parked":true,"provider":"STORED_NETWORK","speed":0.0,"time":"Nov 3, 2020 10:54:18 AM"}
11-03 13:20:11.899 11876 11876 I TRACKERAUDIT: 11performLocComp: deviceLocation || data: {"accuracy":17.152,"altitude":901.39990234375,"latitude":-19.92898864,"longitude":-43.94689606,"parked":false,"provider":"gps","speed":0.0,"time":1604420413000}
11-03 13:20:11.902 11876 11876 I TRACKERAUDIT: 11performLocComp: computed data || data: {"compensatedDistance":18.830696,"deviceAvgSpeed":0.29727274,"distance":105.9827,"estimatedDistanceCompensation":0.0,"lagInSeconds":8755.0}
11-03 13:20:11.903 11876 11876 I TRACKERAUDIT: 11performLocComp: incidenceReportTimerCanceled
11-03 13:20:13.895 11876 11876 I TRACKERAUDIT: Device location changed (1604420415000) || data: {"accuracy":17.152,"altitude":900.994873046875,"latitude":-19.92898219,"longitude":-43.94693112,"parked":false,"provider":"gps","speed":0.0,"time":1604420415000}
11-03 13:20:13.895 11876 11876 I TRACKERAUDIT: 12performLocComp triggered.
11-03 13:20:13.897 11876 11876 I TRACKERAUDIT: 12performLocComp: agentLocationModel || data: {"accuracy":12.374,"altitude":898.5,"id":"000001758E63111B-000001D9-4B618870","latitude":-19.9298161,"longitude":-43.9474052,"parked":true,"provider":"STORED_NETWORK","speed":0.0,"time":"Nov 3, 2020 10:54:18 AM"}
11-03 13:20:13.898 11876 11876 I TRACKERAUDIT: 12performLocComp: deviceLocation || data: {"accuracy":17.152,"altitude":900.994873046875,"latitude":-19.92898219,"longitude":-43.94693112,"parked":false,"provider":"gps","speed":0.0,"time":1604420415000}
11-03 13:20:13.905 11876 11876 I TRACKERAUDIT: 12performLocComp: computed data || data: {"compensatedDistance":17.66127,"deviceAvgSpeed":0.2725,"distance":104.81327,"estimatedDistanceCompensation":0.0,"lagInSeconds":8757.0}
11-03 13:20:13.906 11876 11876 I TRACKERAUDIT: 12performLocComp: incidenceReportTimerCanceled
11-03 13:20:14.887 11876 11876 I TRACKERAUDIT: Device location changed (1604420416000) || data: {"accuracy":15.008,"altitude":898.74072265625,"bearing":2.4,"latitude":-19.92897098,"longitude":-43.94694749,"parked":false,"provider":"gps","speed":0.2,"time":1604420416000}
11-03 13:20:14.887 11876 11876 I TRACKERAUDIT: 13performLocComp triggered.
11-03 13:20:14.890 11876 11876 I TRACKERAUDIT: 13performLocComp: agentLocationModel || data: {"accuracy":12.374,"altitude":898.5,"id":"000001758E63111B-000001D9-4B618870","latitude":-19.9298161,"longitude":-43.9474052,"parked":true,"provider":"STORED_NETWORK","speed":0.0,"time":"Nov 3, 2020 10:54:18 AM"}
11-03 13:20:14.892 11876 11876 I TRACKERAUDIT: 13performLocComp: deviceLocation || data: {"accuracy":15.008,"altitude":898.74072265625,"bearing":2.4,"latitude":-19.92897098,"longitude":-43.94694749,"parked":false,"provider":"gps","speed":0.2,"time":1604420416000}
11-03 13:20:14.901 11876 11876 I TRACKERAUDIT: 13performLocComp: computed data || data: {"compensatedDistance":20.107643,"deviceAvgSpeed":0.2515385,"distance":105.11565,"estimatedDistanceCompensation":0.0,"lagInSeconds":8758.0}
11-03 13:20:14.903 11876 11876 I TRACKERAUDIT: 13performLocComp: incidenceReportTimerCanceled
11-03 13:20:15.884 11876 11876 I TRACKERAUDIT: Device location changed (1604420417000) || data: {"accuracy":13.936001,"altitude":899.7005615234375,"bearing":341.7,"latitude":-19.92896903,"longitude":-43.94697526,"parked":false,"provider":"gps","speed":0.32,"time":1604420417000}
11-03 13:20:15.884 11876 11876 I TRACKERAUDIT: 14performLocComp triggered.
11-03 13:20:15.886 11876 11876 I TRACKERAUDIT: 14performLocComp: agentLocationModel || data: {"accuracy":12.374,"altitude":898.5,"id":"000001758E63111B-000001D9-4B618870","latitude":-19.9298161,"longitude":-43.9474052,"parked":true,"provider":"STORED_NETWORK","speed":0.0,"time":"Nov 3, 2020 10:54:18 AM"}
11-03 13:20:15.887 11876 11876 I TRACKERAUDIT: 14performLocComp: deviceLocation || data: {"accuracy":13.936001,"altitude":899.7005615234375,"bearing":341.7,"latitude":-19.92896903,"longitude":-43.94697526,"parked":false,"provider":"gps","speed":0.32,"time":1604420417000}
11-03 13:20:15.893 11876 11876 I TRACKERAUDIT: 14performLocComp: computed data || data: {"compensatedDistance":20.081085,"deviceAvgSpeed":0.24785717,"distance":104.01709,"estimatedDistanceCompensation":0.0,"lagInSeconds":8759.0}
11-03 13:20:15.894 11876 11876 I TRACKERAUDIT: 14performLocComp: incidenceReportTimerCanceled
11-03 13:20:16.886 11876 11876 I TRACKERAUDIT: Device location changed (1604420418000) || data: {"accuracy":10.72,"altitude":912.39013671875,"latitude":-19.92904055,"longitude":-43.94700591,"parked":false,"provider":"gps","speed":0.0,"time":1604420418000}
11-03 13:20:16.886 11876 11876 I TRACKERAUDIT: 15performLocComp triggered.
11-03 13:20:16.889 11876 11876 I TRACKERAUDIT: 15performLocComp: agentLocationModel || data: {"accuracy":12.374,"altitude":898.5,"id":"000001758E63111B-000001D9-4B618870","latitude":-19.9298161,"longitude":-43.9474052,"parked":true,"provider":"STORED_NETWORK","speed":0.0,"time":"Nov 3, 2020 10:54:18 AM"}
11-03 13:20:16.891 11876 11876 I TRACKERAUDIT: 15performLocComp: deviceLocation || data: {"accuracy":10.72,"altitude":912.39013671875,"latitude":-19.92904055,"longitude":-43.94700591,"parked":false,"provider":"gps","speed":0.0,"time":1604420418000}
11-03 13:20:16.896 11876 11876 I TRACKERAUDIT: 15performLocComp: computed data || data: {"compensatedDistance":13.118195,"deviceAvgSpeed":0.25266668,"distance":95.492195,"estimatedDistanceCompensation":0.0,"lagInSeconds":8760.0}
11-03 13:20:16.897 11876 11876 I TRACKERAUDIT: 15performLocComp: incidenceReportTimerCanceled
11-03 13:20:17.892 11876 11876 I TRACKERAUDIT: Device location changed (1604420419000) || data: {"accuracy":10.72,"altitude":915.8328857421875,"latitude":-19.92905613,"longitude":-43.9470248,"parked":false,"provider":"gps","speed":0.0,"time":1604420419000}
11-03 13:20:17.892 11876 11876 I TRACKERAUDIT: 16performLocComp triggered.
11-03 13:20:17.894 11876 11876 I TRACKERAUDIT: 16performLocComp: agentLocationModel || data: {"accuracy":12.374,"altitude":898.5,"id":"000001758E63111B-000001D9-4B618870","latitude":-19.9298161,"longitude":-43.9474052,"parked":true,"provider":"STORED_NETWORK","speed":0.0,"time":"Nov 3, 2020 10:54:18 AM"}
11-03 13:20:17.896 11876 11876 I TRACKERAUDIT: 16performLocComp: deviceLocation || data: {"accuracy":10.72,"altitude":915.8328857421875,"latitude":-19.92905613,"longitude":-43.9470248,"parked":false,"provider":"gps","speed":0.0,"time":1604420419000}
11-03 13:20:17.906 11876 11876 I TRACKERAUDIT: 16performLocComp: computed data || data: {"compensatedDistance":10.707352,"deviceAvgSpeed":0.23687501,"distance":93.08135,"estimatedDistanceCompensation":0.0,"lagInSeconds":8761.0}
11-03 13:20:17.907 11876 11876 I TRACKERAUDIT: 16performLocComp: incidenceReportTimerCanceled
11-03 13:20:18.898 11876 11876 I TRACKERAUDIT: Device location changed (1604420420000) || data: {"accuracy":7.504,"altitude":919.146728515625,"latitude":-19.92908759,"longitude":-43.94703722,"parked":false,"provider":"gps","speed":0.0,"time":1604420420000}
11-03 13:20:18.898 11876 11876 I TRACKERAUDIT: 17performLocComp triggered.
11-03 13:20:18.901 11876 11876 I TRACKERAUDIT: 17performLocComp: agentLocationModel || data: {"accuracy":12.374,"altitude":898.5,"id":"000001758E63111B-000001D9-4B618870","latitude":-19.9298161,"longitude":-43.9474052,"parked":true,"provider":"STORED_NETWORK","speed":0.0,"time":"Nov 3, 2020 10:54:18 AM"}
11-03 13:20:18.902 11876 11876 I TRACKERAUDIT: 17performLocComp: deviceLocation || data: {"accuracy":7.504,"altitude":919.146728515625,"latitude":-19.92908759,"longitude":-43.94703722,"parked":false,"provider":"gps","speed":0.0,"time":1604420420000}
11-03 13:20:18.908 11876 11876 I TRACKERAUDIT: 17performLocComp: computed data || data: {"compensatedDistance":7.003708,"deviceAvgSpeed":0.22294119,"distance":89.37771,"estimatedDistanceCompensation":0.0,"lagInSeconds":8762.0}
11-03 13:20:18.909 11876 11876 I TRACKERAUDIT: 17performLocComp: incidenceReportTimerCanceled
11-03 13:20:19.894 11876 11876 I TRACKERAUDIT: Device location changed (1604420421000) || data: {"accuracy":6.432,"altitude":919.5462646484375,"latitude":-19.92910027,"longitude":-43.9470431,"parked":false,"provider":"gps","speed":0.0,"time":1604420421000}
11-03 13:20:19.894 11876 11876 I TRACKERAUDIT: 18performLocComp triggered.
11-03 13:20:19.896 11876 11876 I TRACKERAUDIT: 18performLocComp: agentLocationModel || data: {"accuracy":12.374,"altitude":898.5,"id":"000001758E63111B-000001D9-4B618870","latitude":-19.9298161,"longitude":-43.9474052,"parked":true,"provider":"STORED_NETWORK","speed":0.0,"time":"Nov 3, 2020 10:54:18 AM"}
11-03 13:20:19.898 11876 11876 I TRACKERAUDIT: 18performLocComp: deviceLocation || data: {"accuracy":6.432,"altitude":919.5462646484375,"latitude":-19.92910027,"longitude":-43.9470431,"parked":false,"provider":"gps","speed":0.0,"time":1604420421000}
11-03 13:20:19.906 11876 11876 I TRACKERAUDIT: 18performLocComp: computed data || data: {"compensatedDistance":5.471756,"deviceAvgSpeed":0.21055557,"distance":87.84576,"estimatedDistanceCompensation":0.0,"lagInSeconds":8763.0}
11-03 13:20:19.907 11876 11876 I TRACKERAUDIT: 18performLocComp: incidenceReportTimerCanceled
11-03 13:20:20.440 11876 11876 I TRACKERAUDIT: Device location changed (1604420420363) || data: {"accuracy":21.391,"altitude":888.7999877929688,"latitude":-19.9287975,"longitude":-43.9467893,"parked":false,"provider":"network","time":1604420420363}
11-03 13:20:20.441 11876 11876 I TRACKERAUDIT: 19performLocComp triggered.
11-03 13:20:20.442 11876 11876 I TRACKERAUDIT: 19performLocComp: agentLocationModel || data: {"accuracy":12.374,"altitude":898.5,"id":"000001758E63111B-000001D9-4B618870","latitude":-19.9298161,"longitude":-43.9474052,"parked":true,"provider":"STORED_NETWORK","speed":0.0,"time":"Nov 3, 2020 10:54:18 AM"}
11-03 13:20:20.443 11876 11876 I TRACKERAUDIT: 19performLocComp: deviceLocation || data: {"accuracy":21.391,"altitude":888.7999877929688,"latitude":-19.9287975,"longitude":-43.9467893,"parked":false,"provider":"network","time":1604420420363}
11-03 13:20:20.448 11876 11876 I TRACKERAUDIT: 19performLocComp: computed data || data: {"compensatedDistance":38.50573,"deviceAvgSpeed":0.1994737,"distance":129.89673,"estimatedDistanceCompensation":0.0,"lagInSeconds":8762.363}
11-03 13:20:20.449 11876 11876 I TRACKERAUDIT: 19performLocComp: incidenceReportTimerCanceled
11-03 13:20:20.894 11876 11876 I TRACKERAUDIT: Device location changed (1604420422000) || data: {"accuracy":8.576,"altitude":915.2293701171875,"bearing":211.7,"latitude":-19.92908107,"longitude":-43.94704629,"parked":false,"provider":"gps","speed":0.31,"time":1604420422000}
11-03 13:20:20.894 11876 11876 I TRACKERAUDIT: 20performLocComp triggered.
11-03 13:20:20.897 11876 11876 I TRACKERAUDIT: 20performLocComp: agentLocationModel || data: {"accuracy":12.374,"altitude":898.5,"id":"000001758E63111B-000001D9-4B618870","latitude":-19.9298161,"longitude":-43.9474052,"parked":true,"provider":"STORED_NETWORK","speed":0.0,"time":"Nov 3, 2020 10:54:18 AM"}
11-03 13:20:20.898 11876 11876 I TRACKERAUDIT: 20performLocComp: deviceLocation || data: {"accuracy":8.576,"altitude":915.2293701171875,"bearing":211.7,"latitude":-19.92908107,"longitude":-43.94704629,"parked":false,"provider":"gps","speed":0.31,"time":1604420422000}
11-03 13:20:20.907 11876 11876 I TRACKERAUDIT: 20performLocComp: computed data || data: {"compensatedDistance":7.253311,"deviceAvgSpeed":0.1895,"distance":89.62731,"estimatedDistanceCompensation":0.0,"lagInSeconds":8764.0}
11-03 13:20:20.909 11876 11876 I TRACKERAUDIT: 20performLocComp: incidenceReportTimerCanceled
11-03 13:20:21.878 11876 11876 I TRACKERAUDIT: Device location changed (1604420423000) || data: {"accuracy":8.576,"altitude":913.898681640625,"latitude":-19.9290755,"longitude":-43.94705922,"parked":false,"provider":"gps","speed":0.0,"time":1604420423000}
11-03 13:20:21.878 11876 11876 I TRACKERAUDIT: 21performLocComp triggered.
11-03 13:20:21.879 11876 11876 I TRACKERAUDIT: 21performLocComp: agentLocationModel || data: {"accuracy":12.374,"altitude":898.5,"id":"000001758E63111B-000001D9-4B618870","latitude":-19.9298161,"longitude":-43.9474052,"parked":true,"provider":"STORED_NETWORK","speed":0.0,"time":"Nov 3, 2020 10:54:18 AM"}
11-03 13:20:21.880 11876 11876 I TRACKERAUDIT: 21performLocComp: deviceLocation || data: {"accuracy":8.576,"altitude":913.898681640625,"latitude":-19.9290755,"longitude":-43.94705922,"parked":false,"provider":"gps","speed":0.0,"time":1604420423000}
11-03 13:20:21.882 11876 11876 I TRACKERAUDIT: 21performLocComp: computed data || data: {"compensatedDistance":7.257942,"deviceAvgSpeed":0.19523811,"distance":89.63194,"estimatedDistanceCompensation":0.0,"lagInSeconds":8765.0}
11-03 13:20:21.884 11876 11876 I TRACKERAUDIT: 21performLocComp: incidenceReportTimerCanceled
11-03 13:20:30.739 11876 11876 I TRACKERAUDIT: Device location changed (1604420426880) || data: {"accuracy":10014.248,"altitude":922.0488891601562,"latitude":-19.929009968485175,"longitude":-43.947205039419465,"parked":false,"provider":"network","time":1604420426880}
11-03 13:20:30.739 11876 11876 I TRACKERAUDIT: 22performLocComp triggered.
11-03 13:20:30.740 11876 11876 I TRACKERAUDIT: 22performLocComp: agentLocationModel || data: {"accuracy":12.374,"altitude":898.5,"id":"000001758E63111B-000001D9-4B618870","latitude":-19.9298161,"longitude":-43.9474052,"parked":true,"provider":"STORED_NETWORK","speed":0.0,"time":"Nov 3, 2020 10:54:18 AM"}
11-03 13:20:30.741 11876 11876 I TRACKERAUDIT: 22performLocComp: deviceLocation || data: {"accuracy":10014.248,"altitude":922.0488891601562,"latitude":-19.929009968485175,"longitude":-43.947205039419465,"parked":false,"provider":"network","time":1604420426880}
11-03 13:20:30.744 11876 11876 I TRACKERAUDIT: 22performLocComp: computed data || data: {"compensatedDistance":-9992.579,"deviceAvgSpeed":0.18636365,"distance":91.66887,"estimatedDistanceCompensation":0.0,"lagInSeconds":8768.88}
11-03 13:20:30.745 11876 11876 I TRACKERAUDIT: 22performLocComp: incidenceReportTimerCanceled
